Vivado Simulator v2023.2
Copyright 1986-2022 Xilinx, Inc. All Rights Reserved.
Copyright 2022-2023 Advanced Micro Devices, Inc. All Rights Reserved.
Running: E:/ProgramFile/Vivado/2023.2/bin/unwrapped/win64.o/xelab.exe --incr --debug typical --relax --mt 2 -L xil_defaultlib -L uvm -L unisims_ver -L unimacro_ver -L secureip --snapshot testbench_behav xil_defaultlib.testbench xil_defaultlib.glbl -log elaborate.log 
Using 2 slave threads.
Starting static elaboration
Pass Through NonSizing Optimizer
Completed static elaboration
Starting simulation data flow analysis
WARNING: [XSIM 43-4100] "E:/FDU/IIII/Computer Organization and Architecture/Lab4/Lab4.sim/sim_1/behav/xsim/glbl.v" Line 6. Module glbl has a timescale but at least one module in design doesn't have timescale.
WARNING: [XSIM 43-4100] "E:/FDU/IIII/Computer Organization and Architecture/Lab4/Lab4.sim/sim_1/behav/xsim/glbl.v" Line 6. Module glbl has a timescale but at least one module in design doesn't have timescale.
Completed simulation data flow analysis
Time Resolution for simulation is 1ps
Compiling module xil_defaultlib.maindec
Compiling module xil_defaultlib.aludec
Compiling module xil_defaultlib.floprc
Compiling module xil_defaultlib.flopr(WIDTH=3)
Compiling module xil_defaultlib.flopr(WIDTH=2)
Compiling module xil_defaultlib.controller
Compiling module xil_defaultlib.hazard
Compiling module xil_defaultlib.mux2(WIDTH=32)
Compiling module xil_defaultlib.regfile
Compiling module xil_defaultlib.flopenr(WIDTH=32)
Compiling module xil_defaultlib.adder
Compiling module xil_defaultlib.flopenrc(WIDTH=32)
Compiling module xil_defaultlib.signext
Compiling module xil_defaultlib.zeroext
Compiling module xil_defaultlib.sl2
Compiling module xil_defaultlib.eqcmp
Compiling module xil_defaultlib.floprc(WIDTH=32)
Compiling module xil_defaultlib.floprc(WIDTH=5)
Compiling module xil_defaultlib.mux3(WIDTH=32)
Compiling module xil_defaultlib.alu
Compiling module xil_defaultlib.mux2(WIDTH=5)
Compiling module xil_defaultlib.flopr(WIDTH=32)
Compiling module xil_defaultlib.flopr(WIDTH=5)
Compiling module xil_defaultlib.datapath
Compiling module xil_defaultlib.MIPS
Compiling module xil_defaultlib.instruction_memory
Compiling module xil_defaultlib.data_memory
Compiling module xil_defaultlib.top_module
Compiling module xil_defaultlib.testbench
Compiling module xil_defaultlib.glbl
Built simulation snapshot testbench_behav
